#
# A fatal error has been detected by the Java Runtime Environment:
#
#  EXCEPTION_ACCESS_VIOLATION (0xc0000005) at pc=0x00007fffbbad5b8c, pid=15120, tid=7072
#
# JRE version: OpenJDK Runtime Environment (16.0.2+7) (build 16.0.2+7-67)
# Java VM: OpenJDK 64-Bit Server VM (16.0.2+7-67, mixed mode, tiered, compressed oops, compressed class ptrs, g1 gc, windows-amd64)
# Problematic frame:
# V  [jvm.dll+0x6e5b8c]
#
# No core dump will be written. Minidumps are not enabled by default on client versions of Windows
#
# If you would like to submit a bug report, please visit:
#   https://bugreport.java.com/bugreport/crash.jsp
#

---------------  S U M M A R Y ------------

Command Line: -XX:+ShowCodeDetailsInExceptionMessages -agentlib:jdwp=transport=dt_socket,suspend=y,address=localhost:60330 -javaagent:C:\Users\Irene\Desktop\eclipse\configuration\org.eclipse.osgi\415\0\.cp\lib\javaagent-shaded.jar -Dfile.encoding=Cp1252 Mainapp.SieteYMedia

Host: AMD Ryzen 7 2700X Eight-Core Processor         , 16 cores, 15G,  Windows 10 , 64 bit Build 19041 (10.0.19041.1348)
Time: Wed Dec  8 18:55:45 2021 Hora estándar romance elapsed time: 14625.004292 seconds (0d 4h 3m 45s)

---------------  T H R E A D  ---------------

Current thread (0x0000017613c5d5b0):  VMThread "VM Thread" [stack: 0x0000006b28300000,0x0000006b28400000] [id=7072]

Stack: [0x0000006b28300000,0x0000006b28400000],  sp=0x0000006b283fe910,  free space=1018k
Native frames: (J=compiled Java code, j=interpreted, Vv=VM code, C=native code)
V  [jvm.dll+0x6e5b8c]
V  [jvm.dll+0x32cf6f]
V  [jvm.dll+0x32f0b5]
V  [jvm.dll+0x32f72e]
V  [jvm.dll+0x32cdaf]
V  [jvm.dll+0x32c037]
V  [jvm.dll+0x656cce]
V  [jvm.dll+0x6569d3]
V  [jvm.dll+0x61c1e8]
V  [jvm.dll+0x7c18f5]
V  [jvm.dll+0x520446]
V  [jvm.dll+0x7d00ab]
V  [jvm.dll+0x7d0da4]
V  [jvm.dll+0x7d12a9]
V  [jvm.dll+0x7d1564]
V  [jvm.dll+0x7d1630]
V  [jvm.dll+0x7795aa]
V  [jvm.dll+0x667066]
C  [ucrtbase.dll+0x21bb2]
C  [KERNEL32.DLL+0x17034]
C  [ntdll.dll+0x52651]


siginfo: EXCEPTION_ACCESS_VIOLATION (0xc0000005), reading address 0x0000000000000004


Register to memory mapping:

RIP=0x00007fffbbad5b8c jvm.dll
RAX=0x0 is NULL
RBX=0x0 is NULL
RCX=0x0000006b283fe930 points into unknown readable memory: 0x0000000000000000 | 00 00 00 00 00 00 00 00
RDX=0x0 is NULL
RSP=0x0000006b283fe910 points into unknown readable memory: 0x0000006b283fea70 | 70 ea 3f 28 6b 00 00 00
RBP=0x0000006b283fea70 points into unknown readable memory: 0xffffffffffffffff | ff ff ff ff ff ff ff ff
RSI=0x0 is NULL
RDI=0x0000006b283ff080 points into unknown readable memory: 0x00007fffbbd22218 | 18 22 d2 bb ff 7f 00 00
R8 =0x0 is NULL
R9 =0x000001761583a850 is pointing into metadata
R10=0x0000006b283ff080 points into unknown readable memory: 0x00007fffbbd22218 | 18 22 d2 bb ff 7f 00 00
R11={method} {0x000001761583b038} 'main' '([Ljava/lang/String;)V' in 'Mainapp/SieteYMedia'
R12=0x00007fffbb3f0000 jvm.dll
R13=0x00000176150e97f8 points into unknown readable memory: 0x0000001310e1f500 | 00 f5 e1 10 13 00 00 00
R14=0x0000006b283fe9a0 points into unknown readable memory: 0x0000000000000000 | 00 00 00 00 00 00 00 00
R15=0x0000000000000028 is an unknown value


Registers:
RAX=0x0000000000000000, RBX=0x0000000000000000, RCX=0x0000006b283fe930, RDX=0x0000000000000000
RSP=0x0000006b283fe910, RBP=0x0000006b283fea70, RSI=0x0000000000000000, RDI=0x0000006b283ff080
R8 =0x0000000000000000, R9 =0x000001761583a850, R10=0x0000006b283ff080, R11=0x000001761583b030
R12=0x00007fffbb3f0000, R13=0x00000176150e97f8, R14=0x0000006b283fe9a0, R15=0x0000000000000028
RIP=0x00007fffbbad5b8c, EFLAGS=0x0000000000010246

Top of Stack: (sp=0x0000006b283fe910)
0x0000006b283fe910:   0000006b283fea70 0000000000000000
0x0000006b283fe920:   0000006b283ff080 0000000000000000
0x0000006b283fe930:   0000000000000000 00007fffbb62a3de
0x0000006b283fe940:   0000006b283fe9c8 0000000000000000
0x0000006b283fe950:   0000017613b27000 0000000000000000
0x0000006b283fe960:   000001761583ae8c 00007fffbb71cf6f
0x0000006b283fe970:   0000000000000000 0000000000000000
0x0000006b283fe980:   0000000000000000 0000000000000000
0x0000006b283fe990:   0000000000000000 0000000000000000
0x0000006b283fe9a0:   0000000000000000 00007fff00000063
0x0000006b283fe9b0:   0000000000000000 0000006b283fe9f8
0x0000006b283fe9c0:   0000000000000000 0000017613b2d408
0x0000006b283fe9d0:   0000001500000014 0000000000000015
0x0000006b283fe9e0:   000000030000000e 0000017613b27000
0x0000006b283fe9f0:   0000000000000000 0000000000000000
0x0000006b283fea00:   0000006b00000000 00007fffbbad4fb2 

Instructions: (pc=0x00007fffbbad5b8c)
0x00007fffbbad5a8c:   47 1c 03 00 00 00 44 89 47 0c 44 89 47 08 44 3b
0x00007fffbbad5a9c:   c3 7c 17 c7 47 1c ff ff ff ff 48 8b 5c 24 30 48
0x00007fffbbad5aac:   8b 74 24 38 48 83 c4 20 5f c3 0f be 4c 30 07 e8
0x00007fffbbad5abc:   80 fc ff ff 48 83 c6 06 89 47 18 83 e8 0c 74 50
0x00007fffbbad5acc:   83 f8 01 75 34 49 63 c0 48 3b c3 7d 18 0f 1f 80
0x00007fffbbad5adc:   00 00 00 00 80 3c 30 5b 75 0b 41 ff c0 48 ff c0
0x00007fffbbad5aec:   48 3b c3 7c ef 49 63 c8 41 8b c0 2b 47 0c 48 03
0x00007fffbbad5afc:   ce 89 47 14 80 39 4c 74 1d 41 8d 58 01 89 5f 0c
0x00007fffbbad5b0c:   48 8b 5c 24 30 48 8b 74 24 38 48 83 c4 20 5f c3
0x00007fffbbad5b1c:   49 63 c8 48 03 ce 8b c3 ba 3b 00 00 00 41 2b c0
0x00007fffbbad5b2c:   4c 63 c0 e8 9c f7 13 00 48 85 c0 74 06 8b d8 2b
0x00007fffbbad5b3c:   de ff c3 48 8b 74 24 38 89 5f 0c 48 8b 5c 24 30
0x00007fffbbad5b4c:   48 83 c4 20 5f c3 cc cc cc cc cc cc cc cc cc cc
0x00007fffbbad5b5c:   cc cc cc cc 41 56 48 83 ec 50 83 79 08 63 4c 8b
0x00007fffbbad5b6c:   f1 0f 85 d3 00 00 00 48 8b 01 48 8d 4c 24 20 48
0x00007fffbbad5b7c:   89 44 24 20 48 89 5c 24 60 33 db 48 89 74 24 68
0x00007fffbbad5b8c:   0f b7 40 04 89 44 24 30 48 8b 05 cd fd 40 00 48
0x00007fffbbad5b9c:   89 44 24 40 c7 44 24 3c 01 00 00 00 c7 44 24 2c
0x00007fffbbad5bac:   01 00 00 00 c7 44 24 28 01 00 00 00 89 5c 24 34
0x00007fffbbad5bbc:   48 89 5c 24 48 e8 7a fe ff ff 48 8d 4c 24 20 e8
0x00007fffbbad5bcc:   b0 00 00 00 8b 44 24 38 48 8b 4c 24 40 41 89 46
0x00007fffbbad5bdc:   08 e8 0e e9 04 00 48 8b 74 24 48 48 85 f6 74 45
0x00007fffbbad5bec:   39 1e 7e 41 48 89 7c 24 70 8b fb 66 0f 1f 84 00
0x00007fffbbad5bfc:   00 00 00 00 48 8b 4e 08 48 8b 0c 39 e8 e3 e8 04
0x00007fffbbad5c0c:   00 ff c3 48 8d 7f 08 3b 1e 7c e9 41 8b 46 08 48
0x00007fffbbad5c1c:   8b 7c 24 70 48 8b 5c 24 60 48 8b 74 24 68 48 83
0x00007fffbbad5c2c:   c4 50 41 5e c3 41 8b 46 08 48 8b 5c 24 60 48 8b
0x00007fffbbad5c3c:   74 24 68 48 83 c4 50 41 5e c3 8b 41 08 48 83 c4
0x00007fffbbad5c4c:   50 41 5e c3 48 8d 42 ff 48 83 f8 fd 77 14 48 3b
0x00007fffbbad5c5c:   51 10 74 19 48 89 51 10 48 d1 ea 83 e2 0f 89 51
0x00007fffbbad5c6c:   08 c3 48 89 51 10 c7 41 08 63 00 00 00 c3 cc cc
0x00007fffbbad5c7c:   cc cc cc cc 40 53 48 83 ec 20 8b 41 1c 48 8b d9 


Stack slot to memory mapping:
stack at sp + 0 slots: 0x0000006b283fea70 points into unknown readable memory: 0xffffffffffffffff | ff ff ff ff ff ff ff ff
stack at sp + 1 slots: 0x0 is NULL
stack at sp + 2 slots: 0x0000006b283ff080 points into unknown readable memory: 0x00007fffbbd22218 | 18 22 d2 bb ff 7f 00 00
stack at sp + 3 slots: 0x0 is NULL
stack at sp + 4 slots: 0x0 is NULL
stack at sp + 5 slots: 0x00007fffbb62a3de jvm.dll
stack at sp + 6 slots: 0x0000006b283fe9c8 points into unknown readable memory: 0x0000017613b2d408 | 08 d4 b2 13 76 01 00 00
stack at sp + 7 slots: 0x0 is NULL

VM_Operation (0x0000006b291ff5e0): get/set locals, mode: safepoint, requested by thread 0x0000017614b041a0


---------------  P R O C E S S  ---------------

Threads class SMR info:
_java_thread_list=0x0000017615000ac0, length=15, elements={
0x00000176746494c0, 0x0000017614826030, 0x0000017614826e00, 0x0000017614869590,
0x000001761486b1a0, 0x000001761486c3b0, 0x0000017614878950, 0x000001761487ce90,
0x0000017614887590, 0x0000017614891be0, 0x00000176149606a0, 0x0000017614b041a0,
0x0000017614bbf020, 0x0000017614bbf8f0, 0x0000017614fabff0
}

Java Threads: ( => current thread )
  0x00000176746494c0 JavaThread "main" [_thread_blocked, id=6360, stack(0x0000006b27d00000,0x0000006b27e00000)]
  0x0000017614826030 JavaThread "Reference Handler" daemon [_thread_blocked, id=3732, stack(0x0000006b28400000,0x0000006b28500000)]
  0x0000017614826e00 JavaThread "Finalizer" daemon [_thread_blocked, id=1036, stack(0x0000006b28500000,0x0000006b28600000)]
  0x0000017614869590 JavaThread "Signal Dispatcher" daemon [_thread_blocked, id=1388, stack(0x0000006b28600000,0x0000006b28700000)]
  0x000001761486b1a0 JavaThread "Attach Listener" daemon [_thread_blocked, id=13820, stack(0x0000006b28700000,0x0000006b28800000)]
  0x000001761486c3b0 JavaThread "Service Thread" daemon [_thread_blocked, id=6560, stack(0x0000006b28800000,0x0000006b28900000)]
  0x0000017614878950 JavaThread "Monitor Deflation Thread" daemon [_thread_blocked, id=11812, stack(0x0000006b28900000,0x0000006b28a00000)]
  0x000001761487ce90 JavaThread "C2 CompilerThread0" daemon [_thread_blocked, id=1796, stack(0x0000006b28a00000,0x0000006b28b00000)]
  0x0000017614887590 JavaThread "C1 CompilerThread0" daemon [_thread_blocked, id=5380, stack(0x0000006b28b00000,0x0000006b28c00000)]
  0x0000017614891be0 JavaThread "Sweeper thread" daemon [_thread_blocked, id=3760, stack(0x0000006b28c00000,0x0000006b28d00000)]
  0x00000176149606a0 JavaThread "Common-Cleaner" daemon [_thread_blocked, id=1412, stack(0x0000006b28d00000,0x0000006b28e00000)]
  0x0000017614b041a0 JavaThread "JDWP Transport Listener: dt_socket" daemon [_thread_blocked, id=7368, stack(0x0000006b29100000,0x0000006b29200000)]
  0x0000017614bbf020 JavaThread "JDWP Event Helper Thread" daemon [_thread_blocked, id=5976, stack(0x0000006b29200000,0x0000006b29300000)]
  0x0000017614bbf8f0 JavaThread "JDWP Command Reader" daemon [_thread_in_native, id=6760, stack(0x0000006b29300000,0x0000006b29400000)]
  0x0000017614fabff0 JavaThread "Notification Thread" daemon [_thread_blocked, id=14072, stack(0x0000006b29000000,0x0000006b29100000)]

Other Threads:
=>0x0000017613c5d5b0 VMThread "VM Thread" [stack: 0x0000006b28300000,0x0000006b28400000] [id=7072]
  0x0000017614fdd620 WatcherThread [stack: 0x0000006b29400000,0x0000006b29500000] [id=4544]
  0x000001767469d4a0 GCTaskThread "GC Thread#0" [stack: 0x0000006b27e00000,0x0000006b27f00000] [id=12824]
  0x00000176746afb60 ConcurrentGCThread "G1 Main Marker" [stack: 0x0000006b27f00000,0x0000006b28000000] [id=3852]
  0x00000176746b05d0 ConcurrentGCThread "G1 Conc#0" [stack: 0x0000006b28000000,0x0000006b28100000] [id=12988]
  0x0000017613ae40e0 ConcurrentGCThread "G1 Refine#0" [stack: 0x0000006b28100000,0x0000006b28200000] [id=1372]
  0x0000017613ae4a70 ConcurrentGCThread "G1 Service" [stack: 0x0000006b28200000,0x0000006b28300000] [id=9724]

Threads with active compile tasks:

VM state: at safepoint (normal execution)

VM Mutex/Monitor currently owned by a thread:  ([mutex/lock_event])
[0x00000176746452c0] Threads_lock - owner thread: 0x0000017613c5d5b0

Heap address: 0x0000000701200000, size: 4078 MB, Compressed Oops mode: Zero based, Oop shift amount: 3

CDS disabled.
Compressed class space mapped at: 0x0000000800000000-0x0000000840000000, reserved size: 1073741824
Narrow klass base: 0x0000000800000000, Narrow klass shift: 0, Narrow klass range: 0x40000000

GC Precious Log:
 CPUs: 16 total, 16 available
 Memory: 16304M
 Large Page Support: Disabled
 NUMA Support: Disabled
 Compressed Oops: Enabled (Zero based)
 Heap Region Size: 2M
 Heap Min Capacity: 8M
 Heap Initial Capacity: 256M
 Heap Max Capacity: 4078M
 Pre-touch: Disabled
 Parallel Workers: 13
 Concurrent Workers: 3
 Concurrent Refinement Workers: 13
 Periodic GC: Disabled

Heap:
 garbage-first heap   total 262144K, used 6144K [0x0000000701200000, 0x0000000800000000)
  region size 2048K, 4 young (8192K), 0 survivors (0K)
 Metaspace       used 10095K, committed 10240K, reserved 1064960K
  class space    used 868K, committed 960K, reserved 1048576K

Heap Regions: E=young(eden), S=young(survivor), O=old, HS=humongous(starts), HC=humongous(continues), CS=collection set, F=free, OA=open archive, CA=closed archive, TAMS=top-at-mark-start (previous, next)
|   0|0x0000000701200000, 0x0000000701200000, 0x0000000701400000|  0%| F|  |TAMS 0x0000000701200000, 0x0000000701200000| Untracked 
|   1|0x0000000701400000, 0x0000000701400000, 0x0000000701600000|  0%| F|  |TAMS 0x0000000701400000, 0x0000000701400000| Untracked 
|   2|0x0000000701600000, 0x0000000701600000, 0x0000000701800000|  0%| F|  |TAMS 0x0000000701600000, 0x0000000701600000| Untracked 
|   3|0x0000000701800000, 0x0000000701800000, 0x0000000701a00000|  0%| F|  |TAMS 0x0000000701800000, 0x0000000701800000| Untracked 
|   4|0x0000000701a00000, 0x0000000701a00000, 0x0000000701c00000|  0%| F|  |TAMS 0x0000000701a00000, 0x0000000701a00000| Untracked 
|   5|0x0000000701c00000, 0x0000000701c00000, 0x0000000701e00000|  0%| F|  |TAMS 0x0000000701c00000, 0x0000000701c00000| Untracked 
|   6|0x0000000701e00000, 0x0000000701e00000, 0x0000000702000000|  0%| F|  |TAMS 0x0000000701e00000, 0x0000000701e00000| Untracked 
|   7|0x0000000702000000, 0x0000000702000000, 0x0000000702200000|  0%| F|  |TAMS 0x0000000702000000, 0x0000000702000000| Untracked 
|   8|0x0000000702200000, 0x0000000702200000, 0x0000000702400000|  0%| F|  |TAMS 0x0000000702200000, 0x0000000702200000| Untracked 
|   9|0x0000000702400000, 0x0000000702400000, 0x0000000702600000|  0%| F|  |TAMS 0x0000000702400000, 0x0000000702400000| Untracked 
|  10|0x0000000702600000, 0x0000000702600000, 0x0000000702800000|  0%| F|  |TAMS 0x0000000702600000, 0x0000000702600000| Untracked 
|  11|0x0000000702800000, 0x0000000702800000, 0x0000000702a00000|  0%| F|  |TAMS 0x0000000702800000, 0x0000000702800000| Untracked 
|  12|0x0000000702a00000, 0x0000000702a00000, 0x0000000702c00000|  0%| F|  |TAMS 0x0000000702a00000, 0x0000000702a00000| Untracked 
|  13|0x0000000702c00000, 0x0000000702c00000, 0x0000000702e00000|  0%| F|  |TAMS 0x0000000702c00000, 0x0000000702c00000| Untracked 
|  14|0x0000000702e00000, 0x0000000702e00000, 0x0000000703000000|  0%| F|  |TAMS 0x0000000702e00000, 0x0000000702e00000| Untracked 
|  15|0x0000000703000000, 0x0000000703000000, 0x0000000703200000|  0%| F|  |TAMS 0x0000000703000000, 0x0000000703000000| Untracked 
|  16|0x0000000703200000, 0x0000000703200000, 0x0000000703400000|  0%| F|  |TAMS 0x0000000703200000, 0x0000000703200000| Untracked 
|  17|0x0000000703400000, 0x0000000703400000, 0x0000000703600000|  0%| F|  |TAMS 0x0000000703400000, 0x0000000703400000| Untracked 
|  18|0x0000000703600000, 0x0000000703600000, 0x0000000703800000|  0%| F|  |TAMS 0x0000000703600000, 0x0000000703600000| Untracked 
|  19|0x0000000703800000, 0x0000000703800000, 0x0000000703a00000|  0%| F|  |TAMS 0x0000000703800000, 0x0000000703800000| Untracked 
|  20|0x0000000703a00000, 0x0000000703a00000, 0x0000000703c00000|  0%| F|  |TAMS 0x0000000703a00000, 0x0000000703a00000| Untracked 
|  21|0x0000000703c00000, 0x0000000703c00000, 0x0000000703e00000|  0%| F|  |TAMS 0x0000000703c00000, 0x0000000703c00000| Untracked 
|  22|0x0000000703e00000, 0x0000000703e00000, 0x0000000704000000|  0%| F|  |TAMS 0x0000000703e00000, 0x0000000703e00000| Untracked 
|  23|0x0000000704000000, 0x0000000704000000, 0x0000000704200000|  0%| F|  |TAMS 0x0000000704000000, 0x0000000704000000| Untracked 
|  24|0x0000000704200000, 0x0000000704200000, 0x0000000704400000|  0%| F|  |TAMS 0x0000000704200000, 0x0000000704200000| Untracked 
|  25|0x0000000704400000, 0x0000000704400000, 0x0000000704600000|  0%| F|  |TAMS 0x0000000704400000, 0x0000000704400000| Untracked 
|  26|0x0000000704600000, 0x0000000704600000, 0x0000000704800000|  0%| F|  |TAMS 0x0000000704600000, 0x0000000704600000| Untracked 
|  27|0x0000000704800000, 0x0000000704800000, 0x0000000704a00000|  0%| F|  |TAMS 0x0000000704800000, 0x0000000704800000| Untracked 
|  28|0x0000000704a00000, 0x0000000704a00000, 0x0000000704c00000|  0%| F|  |TAMS 0x0000000704a00000, 0x0000000704a00000| Untracked 
|  29|0x0000000704c00000, 0x0000000704c00000, 0x0000000704e00000|  0%| F|  |TAMS 0x0000000704c00000, 0x0000000704c00000| Untracked 
|  30|0x0000000704e00000, 0x0000000704e00000, 0x0000000705000000|  0%| F|  |TAMS 0x0000000704e00000, 0x0000000704e00000| Untracked 
|  31|0x0000000705000000, 0x0000000705000000, 0x0000000705200000|  0%| F|  |TAMS 0x0000000705000000, 0x0000000705000000| Untracked 
|  32|0x0000000705200000, 0x0000000705200000, 0x0000000705400000|  0%| F|  |TAMS 0x0000000705200000, 0x0000000705200000| Untracked 
|  33|0x0000000705400000, 0x0000000705400000, 0x0000000705600000|  0%| F|  |TAMS 0x0000000705400000, 0x0000000705400000| Untracked 
|  34|0x0000000705600000, 0x0000000705600000, 0x0000000705800000|  0%| F|  |TAMS 0x0000000705600000, 0x0000000705600000| Untracked 
|  35|0x0000000705800000, 0x0000000705800000, 0x0000000705a00000|  0%| F|  |TAMS 0x0000000705800000, 0x0000000705800000| Untracked 
|  36|0x0000000705a00000, 0x0000000705a00000, 0x0000000705c00000|  0%| F|  |TAMS 0x0000000705a00000, 0x0000000705a00000| Untracked 
|  37|0x0000000705c00000, 0x0000000705c00000, 0x0000000705e00000|  0%| F|  |TAMS 0x0000000705c00000, 0x0000000705c00000| Untracked 
|  38|0x0000000705e00000, 0x0000000705e00000, 0x0000000706000000|  0%| F|  |TAMS 0x0000000705e00000, 0x0000000705e00000| Untracked 
|  39|0x0000000706000000, 0x0000000706000000, 0x0000000706200000|  0%| F|  |TAMS 0x0000000706000000, 0x0000000706000000| Untracked 
|  40|0x0000000706200000, 0x0000000706200000, 0x0000000706400000|  0%| F|  |TAMS 0x0000000706200000, 0x0000000706200000| Untracked 
|  41|0x0000000706400000, 0x0000000706400000, 0x0000000706600000|  0%| F|  |TAMS 0x0000000706400000, 0x0000000706400000| Untracked 
|  42|0x0000000706600000, 0x0000000706600000, 0x0000000706800000|  0%| F|  |TAMS 0x0000000706600000, 0x0000000706600000| Untracked 
|  43|0x0000000706800000, 0x0000000706800000, 0x0000000706a00000|  0%| F|  |TAMS 0x0000000706800000, 0x0000000706800000| Untracked 
|  44|0x0000000706a00000, 0x0000000706a00000, 0x0000000706c00000|  0%| F|  |TAMS 0x0000000706a00000, 0x0000000706a00000| Untracked 
|  45|0x0000000706c00000, 0x0000000706c00000, 0x0000000706e00000|  0%| F|  |TAMS 0x0000000706c00000, 0x0000000706c00000| Untracked 
|  46|0x0000000706e00000, 0x0000000706e00000, 0x0000000707000000|  0%| F|  |TAMS 0x0000000706e00000, 0x0000000706e00000| Untracked 
|  47|0x0000000707000000, 0x0000000707000000, 0x0000000707200000|  0%| F|  |TAMS 0x0000000707000000, 0x0000000707000000| Untracked 
|  48|0x0000000707200000, 0x0000000707200000, 0x0000000707400000|  0%| F|  |TAMS 0x0000000707200000, 0x0000000707200000| Untracked 
|  49|0x0000000707400000, 0x0000000707400000, 0x0000000707600000|  0%| F|  |TAMS 0x0000000707400000, 0x0000000707400000| Untracked 
|  50|0x0000000707600000, 0x0000000707600000, 0x0000000707800000|  0%| F|  |TAMS 0x0000000707600000, 0x0000000707600000| Untracked 
|  51|0x0000000707800000, 0x0000000707800000, 0x0000000707a00000|  0%| F|  |TAMS 0x0000000707800000, 0x0000000707800000| Untracked 
|  52|0x0000000707a00000, 0x0000000707a00000, 0x0000000707c00000|  0%| F|  |TAMS 0x0000000707a00000, 0x0000000707a00000| Untracked 
|  53|0x0000000707c00000, 0x0000000707c00000, 0x0000000707e00000|  0%| F|  |TAMS 0x0000000707c00000, 0x0000000707c00000| Untracked 
|  54|0x0000000707e00000, 0x0000000707e00000, 0x0000000708000000|  0%| F|  |TAMS 0x0000000707e00000, 0x0000000707e00000| Untracked 
|  55|0x0000000708000000, 0x0000000708000000, 0x0000000708200000|  0%| F|  |TAMS 0x0000000708000000, 0x0000000708000000| Untracked 
|  56|0x0000000708200000, 0x0000000708200000, 0x0000000708400000|  0%| F|  |TAMS 0x0000000708200000, 0x0000000708200000| Untracked 
|  57|0x0000000708400000, 0x0000000708400000, 0x0000000708600000|  0%| F|  |TAMS 0x0000000708400000, 0x0000000708400000| Untracked 
|  58|0x0000000708600000, 0x0000000708600000, 0x0000000708800000|  0%| F|  |TAMS 0x0000000708600000, 0x0000000708600000| Untracked 
|  59|0x0000000708800000, 0x0000000708800000, 0x0000000708a00000|  0%| F|  |TAMS 0x0000000708800000, 0x0000000708800000| Untracked 
|  60|0x0000000708a00000, 0x0000000708a00000, 0x0000000708c00000|  0%| F|  |TAMS 0x0000000708a00000, 0x0000000708a00000| Untracked 
|  61|0x0000000708c00000, 0x0000000708c00000, 0x0000000708e00000|  0%| F|  |TAMS 0x0000000708c00000, 0x0000000708c00000| Untracked 
|  62|0x0000000708e00000, 0x0000000708e00000, 0x0000000709000000|  0%| F|  |TAMS 0x0000000708e00000, 0x0000000708e00000| Untracked 
|  63|0x0000000709000000, 0x0000000709000000, 0x0000000709200000|  0%| F|  |TAMS 0x0000000709000000, 0x0000000709000000| Untracked 
|  64|0x0000000709200000, 0x0000000709200000, 0x0000000709400000|  0%| F|  |TAMS 0x0000000709200000, 0x0000000709200000| Untracked 
|  65|0x0000000709400000, 0x0000000709400000, 0x0000000709600000|  0%| F|  |TAMS 0x0000000709400000, 0x0000000709400000| Untracked 
|  66|0x0000000709600000, 0x0000000709600000, 0x0000000709800000|  0%| F|  |TAMS 0x0000000709600000, 0x0000000709600000| Untracked 
|  67|0x0000000709800000, 0x0000000709800000, 0x0000000709a00000|  0%| F|  |TAMS 0x0000000709800000, 0x0000000709800000| Untracked 
|  68|0x0000000709a00000, 0x0000000709a00000, 0x0000000709c00000|  0%| F|  |TAMS 0x0000000709a00000, 0x0000000709a00000| Untracked 
|  69|0x0000000709c00000, 0x0000000709c00000, 0x0000000709e00000|  0%| F|  |TAMS 0x0000000709c00000, 0x0000000709c00000| Untracked 
|  70|0x0000000709e00000, 0x0000000709e00000, 0x000000070a000000|  0%| F|  |TAMS 0x0000000709e00000, 0x0000000709e00000| Untracked 
|  71|0x000000070a000000, 0x000000070a000000, 0x000000070a200000|  0%| F|  |TAMS 0x000000070a000000, 0x000000070a000000| Untracked 
|  72|0x000000070a200000, 0x000000070a200000, 0x000000070a400000|  0%| F|  |TAMS 0x000000070a200000, 0x000000070a200000| Untracked 
|  73|0x000000070a400000, 0x000000070a400000, 0x000000070a600000|  0%| F|  |TAMS 0x000000070a400000, 0x000000070a400000| Untracked 
|  74|0x000000070a600000, 0x000000070a600000, 0x000000070a800000|  0%| F|  |TAMS 0x000000070a600000, 0x000000070a600000| Untracked 
|  75|0x000000070a800000, 0x000000070a800000, 0x000000070aa00000|  0%| F|  |TAMS 0x000000070a800000, 0x000000070a800000| Untracked 
|  76|0x000000070aa00000, 0x000000070aa00000, 0x000000070ac00000|  0%| F|  |TAMS 0x000000070aa00000, 0x000000070aa00000| Untracked 
|  77|0x000000070ac00000, 0x000000070ac00000, 0x000000070ae00000|  0%| F|  |TAMS 0x000000070ac00000, 0x000000070ac00000| Untracked 
|  78|0x000000070ae00000, 0x000000070ae00000, 0x000000070b000000|  0%| F|  |TAMS 0x000000070ae00000, 0x000000070ae00000| Untracked 
|  79|0x000000070b000000, 0x000000070b000000, 0x000000070b200000|  0%| F|  |TAMS 0x000000070b000000, 0x000000070b000000| Untracked 
|  80|0x000000070b200000, 0x000000070b200000, 0x000000070b400000|  0%| F|  |TAMS 0x000000070b200000, 0x000000070b200000| Untracked 
|  81|0x000000070b400000, 0x000000070b400000, 0x000000070b600000|  0%| F|  |TAMS 0x000000070b400000, 0x000000070b400000| Untracked 
|  82|0x000000070b600000, 0x000000070b600000, 0x000000070b800000|  0%| F|  |TAMS 0x000000070b600000, 0x000000070b600000| Untracked 
|  83|0x000000070b800000, 0x000000070b800000, 0x000000070ba00000|  0%| F|  |TAMS 0x000000070b800000, 0x000000070b800000| Untracked 
|  84|0x000000070ba00000, 0x000000070ba00000, 0x000000070bc00000|  0%| F|  |TAMS 0x000000070ba00000, 0x000000070ba00000| Untracked 
|  85|0x000000070bc00000, 0x000000070bc00000, 0x000000070be00000|  0%| F|  |TAMS 0x000000070bc00000, 0x000000070bc00000| Untracked 
|  86|0x000000070be00000, 0x000000070be00000, 0x000000070c000000|  0%| F|  |TAMS 0x000000070be00000, 0x000000070be00000| Untracked 
|  87|0x000000070c000000, 0x000000070c000000, 0x000000070c200000|  0%| F|  |TAMS 0x000000070c000000, 0x000000070c000000| Untracked 
|  88|0x000000070c200000, 0x000000070c200000, 0x000000070c400000|  0%| F|  |TAMS 0x000000070c200000, 0x000000070c200000| Untracked 
|  89|0x000000070c400000, 0x000000070c400000, 0x000000070c600000|  0%| F|  |TAMS 0x000000070c400000, 0x000000070c400000| Untracked 
|  90|0x000000070c600000, 0x000000070c600000, 0x000000070c800000|  0%| F|  |TAMS 0x000000070c600000, 0x000000070c600000| Untracked 
|  91|0x000000070c800000, 0x000000070c800000, 0x000000070ca00000|  0%| F|  |TAMS 0x000000070c800000, 0x000000070c800000| Untracked 
|  92|0x000000070ca00000, 0x000000070ca00000, 0x000000070cc00000|  0%| F|  |TAMS 0x000000070ca00000, 0x000000070ca00000| Untracked 
|  93|0x000000070cc00000, 0x000000070cc00000, 0x000000070ce00000|  0%| F|  |TAMS 0x000000070cc00000, 0x000000070cc00000| Untracked 
|  94|0x000000070ce00000, 0x000000070ce00000, 0x000000070d000000|  0%| F|  |TAMS 0x000000070ce00000, 0x000000070ce00000| Untracked 
|  95|0x000000070d000000, 0x000000070d000000, 0x000000070d200000|  0%| F|  |TAMS 0x000000070d000000, 0x000000070d000000| Untracked 
|  96|0x000000070d200000, 0x000000070d200000, 0x000000070d400000|  0%| F|  |TAMS 0x000000070d200000, 0x000000070d200000| Untracked 
|  97|0x000000070d400000, 0x000000070d400000, 0x000000070d600000|  0%| F|  |TAMS 0x000000070d400000, 0x000000070d400000| Untracked 
|  98|0x000000070d600000, 0x000000070d600000, 0x000000070d800000|  0%| F|  |TAMS 0x000000070d600000, 0x000000070d600000| Untracked 
|  99|0x000000070d800000, 0x000000070d800000, 0x000000070da00000|  0%| F|  |TAMS 0x000000070d800000, 0x000000070d800000| Untracked 
| 100|0x000000070da00000, 0x000000070da00000, 0x000000070dc00000|  0%| F|  |TAMS 0x000000070da00000, 0x000000070da00000| Untracked 
| 101|0x000000070dc00000, 0x000000070dc00000, 0x000000070de00000|  0%| F|  |TAMS 0x000000070dc00000, 0x000000070dc00000| Untracked 
| 102|0x000000070de00000, 0x000000070de00000, 0x000000070e000000|  0%| F|  |TAMS 0x000000070de00000, 0x000000070de00000| Untracked 
| 103|0x000000070e000000, 0x000000070e000000, 0x000000070e200000|  0%| F|  |TAMS 0x000000070e000000, 0x000000070e000000| Untracked 
| 104|0x000000070e200000, 0x000000070e200000, 0x000000070e400000|  0%| F|  |TAMS 0x000000070e200000, 0x000000070e200000| Untracked 
| 105|0x000000070e400000, 0x000000070e400000, 0x000000070e600000|  0%| F|  |TAMS 0x000000070e400000, 0x000000070e400000| Untracked 
| 106|0x000000070e600000, 0x000000070e600000, 0x000000070e800000|  0%| F|  |TAMS 0x000000070e600000, 0x000000070e600000| Untracked 
| 107|0x000000070e800000, 0x000000070e800000, 0x000000070ea00000|  0%| F|  |TAMS 0x000000070e800000, 0x000000070e800000| Untracked 
| 108|0x000000070ea00000, 0x000000070ea00000, 0x000000070ec00000|  0%| F|  |TAMS 0x000000070ea00000, 0x000000070ea00000| Untracked 
| 109|0x000000070ec00000, 0x000000070ec00000, 0x000000070ee00000|  0%| F|  |TAMS 0x000000070ec00000, 0x000000070ec00000| Untracked 
| 110|0x000000070ee00000, 0x000000070ee00000, 0x000000070f000000|  0%| F|  |TAMS 0x000000070ee00000, 0x000000070ee00000| Untracked 
| 111|0x000000070f000000, 0x000000070f000000, 0x000000070f200000|  0%| F|  |TAMS 0x000000070f000000, 0x000000070f000000| Untracked 
| 112|0x000000070f200000, 0x000000070f200000, 0x000000070f400000|  0%| F|  |TAMS 0x000000070f200000, 0x000000070f200000| Untracked 
| 113|0x000000070f400000, 0x000000070f400000, 0x000000070f600000|  0%| F|  |TAMS 0x000000070f400000, 0x000000070f400000| Untracked 
| 114|0x000000070f600000, 0x000000070f600000, 0x000000070f800000|  0%| F|  |TAMS 0x000000070f600000, 0x000000070f600000| Untracked 
| 115|0x000000070f800000, 0x000000070f800000, 0x000000070fa00000|  0%| F|  |TAMS 0x000000070f800000, 0x000000070f800000| Untracked 
| 116|0x000000070fa00000, 0x000000070fa00000, 0x000000070fc00000|  0%| F|  |TAMS 0x000000070fa00000, 0x000000070fa00000| Untracked 
| 117|0x000000070fc00000, 0x000000070fc00000, 0x000000070fe00000|  0%| F|  |TAMS 0x000000070fc00000, 0x000000070fc00000| Untracked 
| 118|0x000000070fe00000, 0x000000070fe00000, 0x0000000710000000|  0%| F|  |TAMS 0x000000070fe00000, 0x000000070fe00000| Untracked 
| 119|0x0000000710000000, 0x0000000710000000, 0x0000000710200000|  0%| F|  |TAMS 0x0000000710000000, 0x0000000710000000| Untracked 
| 120|0x0000000710200000, 0x0000000710200000, 0x0000000710400000|  0%| F|  |TAMS 0x0000000710200000, 0x0000000710200000| Untracked 
| 121|0x0000000710400000, 0x0000000710400000, 0x0000000710600000|  0%| F|  |TAMS 0x0000000710400000, 0x0000000710400000| Untracked 
| 122|0x0000000710600000, 0x0000000710600000, 0x0000000710800000|  0%| F|  |TAMS 0x0000000710600000, 0x0000000710600000| Untracked 
| 123|0x0000000710800000, 0x0000000710800000, 0x0000000710a00000|  0%| F|  |TAMS 0x0000000710800000, 0x0000000710800000| Untracked 
| 124|0x0000000710a00000, 0x0000000710be2a78, 0x0000000710c00000| 94%| E|  |TAMS 0x0000000710a00000, 0x0000000710a00000| Complete 
| 125|0x0000000710c00000, 0x0000000710e00000, 0x0000000710e00000|100%| E|CS|TAMS 0x0000000710c00000, 0x0000000710c00000| Complete 
| 126|0x0000000710e00000, 0x0000000711000000, 0x0000000711000000|100%| E|CS|TAMS 0x0000000710e00000, 0x0000000710e00000| Complete 
| 127|0x0000000711000000, 0x0000000711200000, 0x0000000711200000|100%| E|CS|TAMS 0x0000000711000000, 0x0000000711000000| Complete 

Card table byte_map: [0x0000017678c50000,0x0000017679450000] _byte_map_base: 0x0000017675447000

Marking Bits (Prev, Next): (CMBitMap*) 0x000001767469eb20, (CMBitMap*) 0x000001767469eb60
 Prev Bits: [0x0000017679c50000, 0x000001767dc08000)
 Next Bits: [0x000001760f000000, 0x0000017612fb8000)

Polling page: 0x00000176725f0000

Metaspace:

Usage:
  Non-class:      9.01 MB used.
      Class:    868.21 KB used.
       Both:      9.86 MB used.

Virtual space:
  Non-class space:       16.00 MB reserved,       9.06 MB ( 57%) committed,  2 nodes.
      Class space:        1.00 GB reserved,     960.00 KB ( <1%) committed,  1 nodes.
              Both:        1.02 GB reserved,      10.00 MB ( <1%) committed. 

Chunk freelists:
   Non-Class:  2.72 MB
       Class:  3.09 MB
        Both:  5.81 MB

MaxMetaspaceSize: 17179869184.00 GB
CompressedClassSpaceSize: 1.00 GB
 - commit_granule_bytes: 65536.
 - commit_granule_words: 8192.
 - virtual_space_node_default_size: 1048576.
 - enlarge_chunks_in_place: 1.
 - new_chunks_are_fully_committed: 0.
 - uncommit_free_chunks: 1.
 - use_allocation_guard: 0.
 - handle_deallocations: 1.


Internal statistics:

num_allocs_failed_limit: 0.
num_arena_births: 12.
num_arena_deaths: 0.
num_vsnodes_births: 3.
num_vsnodes_deaths: 0.
num_space_committed: 160.
num_space_uncommitted: 0.
num_chunks_returned_to_freelist: 0.
num_chunks_taken_from_freelist: 54.
num_chunk_merges: 0.
num_chunk_splits: 21.
num_chunks_enlarged: 16.
num_purges: 0.

CodeHeap 'non-profiled nmethods': size=119168Kb used=148Kb max_used=148Kb free=119019Kb
 bounds [0x0000017607ba0000, 0x0000017607e10000, 0x000001760f000000]
CodeHeap 'profiled nmethods': size=119104Kb used=655Kb max_used=655Kb free=118448Kb
 bounds [0x0000017600750000, 0x00000176009c0000, 0x0000017607ba0000]
CodeHeap 'non-nmethods': size=7488Kb used=1205Kb max_used=2341Kb free=6282Kb
 bounds [0x0000017600000000, 0x0000017600270000, 0x0000017600750000]
 total_blobs=886 nmethods=472 adapters=327
 compilation: enabled
              stopped_count=0, restarted_count=0
 full_count=0

Compilation events (20 events):
Event: 0.734 Thread 0x000001761487ce90  464       4       java.lang.ref.Reference::reachabilityFence (1 bytes)
Event: 0.734 Thread 0x000001761487ce90 nmethod 464 0x0000017607bc3810 code [0x0000017607bc3980, 0x0000017607bc39d8]
Event: 0.734 Thread 0x000001761487ce90  465       4       java.util.Objects::requireNonNull (14 bytes)
Event: 0.735 Thread 0x0000017614887590  466       3       jdk.internal.org.objectweb.asm.ByteVector::put12 (64 bytes)
Event: 0.735 Thread 0x000001761487ce90 nmethod 465 0x0000017607bc3b10 code [0x0000017607bc3c80, 0x0000017607bc3cf8]
Event: 0.735 Thread 0x0000017614887590 nmethod 466 0x00000176007f2d90 code [0x00000176007f2f40, 0x00000176007f3188]
Event: 0.736 Thread 0x0000017614887590  467       3       java.lang.StringUTF16::getChar (60 bytes)
Event: 0.736 Thread 0x0000017614887590 nmethod 467 0x00000176007f3310 code [0x00000176007f34c0, 0x00000176007f3638]
Event: 0.736 Thread 0x000001761487ce90  468       4       java.lang.StringUTF16::getChar (60 bytes)
Event: 0.737 Thread 0x000001761487ce90 nmethod 468 0x0000017607bc3e10 code [0x0000017607bc3fa0, 0x0000017607bc4098]
Event: 259.160 Thread 0x000001761487ce90  469       4       org.eclipse.jdt.launching.internal.org.objectweb.asm.ClassReader::getItem (7 bytes)
Event: 259.162 Thread 0x000001761487ce90 

Event: 301.555 Thread 0x000001761487ce90  470       4       java.lang.StringUTF16::compress (50 bytes)
Event: 301.559 Thread 0x000001761487ce90 

Event: 404.326 Thread 0x000001761487ce90  471       4       org.eclipse.jdt.launching.internal.org.objectweb.asm.ClassReader::readUtf (161 bytes)
Event: 404.340 Thread 0x000001761487ce90 

Event: 404.340 Thread 0x000001761487ce90  472       4       java.lang.StringUTF16::compress (50 bytes)
Event: 404.344 Thread 0x000001761487ce90 nmethod 472 0x0000017607bc4190 code [0x0000017607bc4320, 0x0000017607bc47f8]
Event: 7681.141 Thread 0x0000017614887590  475       3       java.lang.ref.ReferenceQueue::reallyPoll (65 bytes)
Event: 7681.141 Thread 0x0000017614887590 nmethod 475 0x00000176007f3710 code [0x00000176007f38e0, 0x00000176007f3e38]

GC Heap History (0 events):
No events

Deoptimization events (20 events):
Event: 0.692 Thread 0x00000176746494c0 DEOPT PACKING pc=0x00000176007ccb67 sp=0x0000006b27dfbe30
Event: 0.692 Thread 0x00000176746494c0 DEOPT UNPACKING pc=0x000001760004dece sp=0x0000006b27dfb298 mode 0
Event: 0.692 Thread 0x00000176746494c0 DEOPT PACKING pc=0x00000176007ccb67 sp=0x0000006b27dfbe30
Event: 0.692 Thread 0x00000176746494c0 DEOPT UNPACKING pc=0x000001760004dece sp=0x0000006b27dfb298 mode 0
Event: 0.692 Thread 0x00000176746494c0 DEOPT PACKING pc=0x00000176007ccb67 sp=0x0000006b27dfbe30
Event: 0.692 Thread 0x00000176746494c0 DEOPT UNPACKING pc=0x000001760004dece sp=0x0000006b27dfb298 mode 0
Event: 0.694 Thread 0x00000176746494c0 DEOPT PACKING pc=0x00000176007ccb67 sp=0x0000006b27df8380
Event: 0.694 Thread 0x00000176746494c0 DEOPT UNPACKING pc=0x000001760004dece sp=0x0000006b27df77e8 mode 0
Event: 0.728 Thread 0x00000176746494c0 Uncommon trap: trap_request=0xffffff45 fr.pc=0x0000017607ba9be4 relative=0x0000000000000244
Event: 0.728 Thread 0x00000176746494c0 Uncommon trap: reason=unstable_if action=reinterpret pc=0x0000017607ba9be4 method=java.lang.String.isLatin1()Z @ 10 c2
Event: 0.728 Thread 0x00000176746494c0 DEOPT PACKING pc=0x0000017607ba9be4 sp=0x0000006b27dfcca0
Event: 0.728 Thread 0x00000176746494c0 DEOPT UNPACKING pc=0x000001760004d72e sp=0x0000006b27dfcbd0 mode 2
Event: 0.728 Thread 0x00000176746494c0 Uncommon trap: trap_request=0xffffff45 fr.pc=0x0000017607badd00 relative=0x0000000000000060
Event: 0.728 Thread 0x00000176746494c0 Uncommon trap: reason=unstable_if action=reinterpret pc=0x0000017607badd00 method=java.lang.String.isLatin1()Z @ 10 c2
Event: 0.728 Thread 0x00000176746494c0 DEOPT PACKING pc=0x0000017607badd00 sp=0x0000006b27dfcc20
Event: 0.728 Thread 0x00000176746494c0 DEOPT UNPACKING pc=0x000001760004d72e sp=0x0000006b27dfcbc0 mode 2
Event: 0.735 Thread 0x00000176746494c0 Uncommon trap: trap_request=0xffffff45 fr.pc=0x0000017607bb2ae8 relative=0x0000000000000048
Event: 0.735 Thread 0x00000176746494c0 Uncommon trap: reason=unstable_if action=reinterpret pc=0x0000017607bb2ae8 method=java.lang.CharacterData.of(I)Ljava/lang/CharacterData; @ 4 c2
Event: 0.735 Thread 0x00000176746494c0 DEOPT PACKING pc=0x0000017607bb2ae8 sp=0x0000006b27dfebd0
Event: 0.735 Thread 0x00000176746494c0 DEOPT UNPACKING pc=0x000001760004d72e sp=0x0000006b27dfeb70 mode 2

Classes unloaded (0 events):
No events

Classes redefined (7 events):
Event: 13.452 Thread 0x0000017613c5d5b0 redefined class name=Mainapp.SieteYMedia, count=1
Event: 241.380 Thread 0x0000017613c5d5b0 redefined class name=Mainapp.SieteYMedia, count=2
Event: 259.161 Thread 0x0000017613c5d5b0 redefined class name=Mainapp.SieteYMedia, count=3
Event: 301.555 Thread 0x0000017613c5d5b0 redefined class name=Mainapp.SieteYMedia, count=4
Event: 372.915 Thread 0x0000017613c5d5b0 redefined class name=Mainapp.SieteYMedia, count=5
Event: 404.326 Thread 0x0000017613c5d5b0 redefined class name=Mainapp.SieteYMedia, count=6
Event: 14607.668 Thread 0x0000017613c5d5b0 redefined class name=Mainapp.SieteYMedia, count=7

Internal exceptions (1 events):
Event: 0.666 Thread 0x00000176746494c0 Exception <a 'java/lang/NoSuchMethodError'{0x0000000710d7e610}: 'java.lang.Object java.lang.invoke.DirectMethodHandle$Holder.invokeStatic(java.lang.Object)'> (0x0000000710d7e610) 
thrown [t:\workspace\open\src\hotspot\share\interpreter\linkResolver.cpp, line 790]

Events (20 events):
Event: 259.162 Executing  VM operation: RedefineClasses done
Event: 301.555 Executing  VM operation: RedefineClasses
Event: 301.557 Executing  VM operation: RedefineClasses done
Event: 372.914 Executing  VM operation: RedefineClasses
Event: 372.916 Executing  VM operation: RedefineClasses done
Event: 404.326 Executing  VM operation: RedefineClasses
Event: 404.328 Executing  VM operation: RedefineClasses done
Event: 14607.667 Executing  VM operation: RedefineClasses
Event: 14607.670 Executing  VM operation: RedefineClasses done
Event: 14615.751 Executing  VM operation: ChangeBreakpoints
Event: 14615.751 Executing  VM operation: ChangeBreakpoints done
Event: 14618.022 Executing  VM operation: ChangeBreakpoints
Event: 14618.022 Executing  VM operation: ChangeBreakpoints done
Event: 14619.912 Executing  VM operation: ChangeBreakpoints
Event: 14619.913 Executing  VM operation: ChangeBreakpoints done
Event: 14624.890 Executing  VM operation: ChangeSingleStep
Event: 14624.890 Executing  VM operation: ChangeSingleStep done
Event: 14624.891 Executing  VM operation: ChangeSingleStep
Event: 14624.891 Executing  VM operation: ChangeSingleStep done
Event: 14624.996 Executing  VM operation: get/set locals


Dynamic libraries:
0x00007ff71d5c0000 - 0x00007ff71d5ce000 	C:\Users\Irene\Desktop\eclipse\plugins\org.eclipse.justj.openjdk.hotspot.jre.full.win32.x86_64_16.0.2.v20210721-1149\jre\bin\javaw.exe
0x00007ffffe470000 - 0x00007ffffe665000 	C:\WINDOWS\SYSTEM32\ntdll.dll
0x00007ffffdaf0000 - 0x00007ffffdbae000 	C:\WINDOWS\System32\KERNEL32.DLL
0x00007ffffbb90000 - 0x00007ffffbe58000 	C:\WINDOWS\System32\KERNELBASE.dll
0x00007ffffbe60000 - 0x00007ffffbf60000 	C:\WINDOWS\System32\ucrtbase.dll
0x00007ffff8d10000 - 0x00007ffff8d28000 	C:\Users\Irene\Desktop\eclipse\plugins\org.eclipse.justj.openjdk.hotspot.jre.full.win32.x86_64_16.0.2.v20210721-1149\jre\bin\jli.dll
0x00007ffff8d30000 - 0x00007ffff8d49000 	C:\Users\Irene\Desktop\eclipse\plugins\org.eclipse.justj.openjdk.hotspot.jre.full.win32.x86_64_16.0.2.v20210721-1149\jre\bin\VCRUNTIME140.dll
0x00007ffffd780000 - 0x00007ffffd921000 	C:\WINDOWS\System32\USER32.dll
0x00007ffffc3c0000 - 0x00007ffffc3e2000 	C:\WINDOWS\System32\win32u.dll
0x00007fffe6c10000 - 0x00007fffe6eaa000 	C:\WINDOWS\WinSxS\amd64_microsoft.windows.common-controls_6595b64144ccf1df_6.0.19041.1110_none_60b5254171f9507e\COMCTL32.dll
0x00007ffffde80000 - 0x00007ffffdeab000 	C:\WINDOWS\System32\GDI32.dll
0x00007ffffcf00000 - 0x00007ffffcf9e000 	C:\WINDOWS\System32\msvcrt.dll
0x00007ffffc2b0000 - 0x00007ffffc3bb000 	C:\WINDOWS\System32\gdi32full.dll
0x00007ffffc420000 - 0x00007ffffc4bd000 	C:\WINDOWS\System32\msvcp_win.dll
0x00007ffffdbb0000 - 0x00007ffffdbe0000 	C:\WINDOWS\System32\IMM32.DLL
0x00007ffff8d00000 - 0x00007ffff8d0c000 	C:\Users\Irene\Desktop\eclipse\plugins\org.eclipse.justj.openjdk.hotspot.jre.full.win32.x86_64_16.0.2.v20210721-1149\jre\bin\vcruntime140_1.dll
0x00007fffe9490000 - 0x00007fffe9521000 	C:\Users\Irene\Desktop\eclipse\plugins\org.eclipse.justj.openjdk.hotspot.jre.full.win32.x86_64_16.0.2.v20210721-1149\jre\bin\msvcp140.dll
0x00007fffbb3f0000 - 0x00007fffbbf9b000 	C:\Users\Irene\Desktop\eclipse\plugins\org.eclipse.justj.openjdk.hotspot.jre.full.win32.x86_64_16.0.2.v20210721-1149\jre\bin\server\jvm.dll
0x00007ffffc4c0000 - 0x00007ffffc56c000 	C:\WINDOWS\System32\ADVAPI32.dll
0x00007ffffd540000 - 0x00007ffffd5db000 	C:\WINDOWS\System32\sechost.dll
0x00007ffffd930000 - 0x00007ffffda5a000 	C:\WINDOWS\System32\RPCRT4.dll
0x00007ffffcef0000 - 0x00007ffffcef8000 	C:\WINDOWS\System32\PSAPI.DLL
0x00007ffff9380000 - 0x00007ffff9389000 	C:\WINDOWS\SYSTEM32\WSOCK32.dll
0x00007ffff2c90000 - 0x00007ffff2c9a000 	C:\WINDOWS\SYSTEM32\VERSION.dll
0x00007ffffe3c0000 - 0x00007ffffe42b000 	C:\WINDOWS\System32\WS2_32.dll
0x00007ffff2690000 - 0x00007ffff26b7000 	C:\WINDOWS\SYSTEM32\WINMM.dll
0x00007ffff9ab0000 - 0x00007ffff9ac2000 	C:\WINDOWS\SYSTEM32\kernel.appcore.dll
0x00007ffff9370000 - 0x00007ffff937a000 	C:\Users\Irene\Desktop\eclipse\plugins\org.eclipse.justj.openjdk.hotspot.jre.full.win32.x86_64_16.0.2.v20210721-1149\jre\bin\jimage.dll
0x00007fffef600000 - 0x00007fffef7e4000 	C:\WINDOWS\SYSTEM32\DBGHELP.DLL
0x00007fffef5b0000 - 0x00007fffef5dc000 	C:\WINDOWS\SYSTEM32\dbgcore.DLL
0x00007ffffbf60000 - 0x00007ffffbfe3000 	C:\WINDOWS\System32\bcryptPrimitives.dll
0x00007fffdf680000 - 0x00007fffdf6bb000 	C:\Users\Irene\Desktop\eclipse\plugins\org.eclipse.justj.openjdk.hotspot.jre.full.win32.x86_64_16.0.2.v20210721-1149\jre\bin\jdwp.dll
0x00007ffff49f0000 - 0x00007ffff49fe000 	C:\Users\Irene\Desktop\eclipse\plugins\org.eclipse.justj.openjdk.hotspot.jre.full.win32.x86_64_16.0.2.v20210721-1149\jre\bin\instrument.dll
0x00007ffff9340000 - 0x00007ffff9365000 	C:\Users\Irene\Desktop\eclipse\plugins\org.eclipse.justj.openjdk.hotspot.jre.full.win32.x86_64_16.0.2.v20210721-1149\jre\bin\java.dll
0x00007ffff9320000 - 0x00007ffff9338000 	C:\Users\Irene\Desktop\eclipse\plugins\org.eclipse.justj.openjdk.hotspot.jre.full.win32.x86_64_16.0.2.v20210721-1149\jre\bin\zip.dll
0x00007ffffc630000 - 0x00007ffffcd6f000 	C:\WINDOWS\System32\SHELL32.dll
0x00007ffff9cb0000 - 0x00007ffffa440000 	C:\WINDOWS\SYSTEM32\windows.storage.dll
0x00007ffffdeb0000 - 0x00007ffffe205000 	C:\WINDOWS\System32\combase.dll
0x00007ffffb5e0000 - 0x00007ffffb60e000 	C:\WINDOWS\SYSTEM32\Wldp.dll
0x00007ffffd5e0000 - 0x00007ffffd68d000 	C:\WINDOWS\System32\SHCORE.dll
0x00007ffffd720000 - 0x00007ffffd775000 	C:\WINDOWS\System32\shlwapi.dll
0x00007ffffbad0000 - 0x00007ffffbaef000 	C:\WINDOWS\SYSTEM32\profapi.dll
0x00007fffea620000 - 0x00007fffea62c000 	C:\Users\Irene\Desktop\eclipse\plugins\org.eclipse.justj.openjdk.hotspot.jre.full.win32.x86_64_16.0.2.v20210721-1149\jre\bin\dt_socket.dll
0x00007ffffafe0000 - 0x00007ffffb01b000 	C:\WINDOWS\SYSTEM32\IPHLPAPI.DLL
0x00007ffffb340000 - 0x00007ffffb3aa000 	C:\WINDOWS\system32\mswsock.dll
0x00007ffffb030000 - 0x00007ffffb0fb000 	C:\WINDOWS\SYSTEM32\DNSAPI.dll
0x00007ffffde70000 - 0x00007ffffde78000 	C:\WINDOWS\System32\NSI.dll
0x00007ffff47b0000 - 0x00007ffff47ba000 	C:\Windows\System32\rasadhlp.dll
0x00007ffff3d00000 - 0x00007ffff3d7f000 	C:\WINDOWS\System32\fwpuclnt.dll
0x00007ffffc3f0000 - 0x00007ffffc417000 	C:\WINDOWS\System32\bcrypt.dll
0x00007ffff9300000 - 0x00007ffff9319000 	C:\Users\Irene\Desktop\eclipse\plugins\org.eclipse.justj.openjdk.hotspot.jre.full.win32.x86_64_16.0.2.v20210721-1149\jre\bin\net.dll
0x00007ffff4060000 - 0x00007ffff416c000 	C:\WINDOWS\SYSTEM32\WINHTTP.dll
0x00007ffff7580000 - 0x00007ffff7593000 	C:\Users\Irene\Desktop\eclipse\plugins\org.eclipse.justj.openjdk.hotspot.jre.full.win32.x86_64_16.0.2.v20210721-1149\jre\bin\nio.dll
0x00007ffff92f0000 - 0x00007ffff9300000 	C:\Users\Irene\Desktop\eclipse\plugins\org.eclipse.justj.openjdk.hotspot.jre.full.win32.x86_64_16.0.2.v20210721-1149\jre\bin\verify.dll

dbghelp: loaded successfully - version: 4.0.5 - missing functions: none
symbol engine: initialized successfully - sym options: 0x614 - pdb path: .;C:\Users\Irene\Desktop\eclipse\plugins\org.eclipse.justj.openjdk.hotspot.jre.full.win32.x86_64_16.0.2.v20210721-1149\jre\bin;C:\WINDOWS\SYSTEM32;C:\WINDOWS\WinSxS\amd64_microsoft.windows.common-controls_6595b64144ccf1df_6.0.19041.1110_none_60b5254171f9507e;C:\Users\Irene\Desktop\eclipse\plugins\org.eclipse.justj.openjdk.hotspot.jre.full.win32.x86_64_16.0.2.v20210721-1149\jre\bin\server

VM Arguments:
jvm_args: -XX:+ShowCodeDetailsInExceptionMessages -agentlib:jdwp=transport=dt_socket,suspend=y,address=localhost:60330 -javaagent:C:\Users\Irene\Desktop\eclipse\configuration\org.eclipse.osgi\415\0\.cp\lib\javaagent-shaded.jar -Dfile.encoding=Cp1252 
java_command: Mainapp.SieteYMedia
java_class_path (initial): C:\Users\Irene\Desktop\CFGS\1º\Programacion\Baraja\bin
Launcher Type: SUN_STANDARD

[Global flags]
     intx CICompilerCount                          = 12                                        {product} {ergonomic}
     uint ConcGCThreads                            = 3                                         {product} {ergonomic}
     uint G1ConcRefinementThreads                  = 13                                        {product} {ergonomic}
   size_t G1HeapRegionSize                         = 2097152                                   {product} {ergonomic}
    uintx GCDrainStackTargetSize                   = 64                                        {product} {ergonomic}
   size_t InitialHeapSize                          = 268435456                                 {product} {ergonomic}
   size_t MarkStackSize                            = 4194304                                   {product} {ergonomic}
   size_t MaxHeapSize                              = 4276092928                                {product} {ergonomic}
   size_t MaxNewSize                               = 2564816896                                {product} {ergonomic}
   size_t MinHeapDeltaBytes                        = 2097152                                   {product} {ergonomic}
   size_t MinHeapSize                              = 8388608                                   {product} {ergonomic}
    uintx NonNMethodCodeHeapSize                   = 7602480                                {pd product} {ergonomic}
    uintx NonProfiledCodeHeapSize                  = 122027880                              {pd product} {ergonomic}
    uintx ProfiledCodeHeapSize                     = 122027880                              {pd product} {ergonomic}
    uintx ReservedCodeCacheSize                    = 251658240                              {pd product} {ergonomic}
     bool SegmentedCodeCache                       = true                                      {product} {ergonomic}
     bool ShowCodeDetailsInExceptionMessages       = true                                   {manageable} {command line}
   size_t SoftMaxHeapSize                          = 4276092928                             {manageable} {ergonomic}
     bool UseCompressedClassPointers               = true                           {product lp64_product} {ergonomic}
     bool UseCompressedOops                        = true                           {product lp64_product} {ergonomic}
     bool UseG1GC                                  = true                                      {product} {ergonomic}
     bool UseLargePagesIndividualAllocation        = false                                  {pd product} {ergonomic}

Logging:
Log output configuration:
 #0: stdout all=warning uptime,level,tags
 #1: stderr all=off uptime,level,tags

Environment Variables:
PATH=C:\Users\Irene\Desktop\eclipse\plugins\org.eclipse.justj.openjdk.hotspot.jre.full.win32.x86_64_16.0.2.v20210721-1149\jre\bin;C:/Users/Irene/Desktop/eclipse//plugins/org.eclipse.justj.openjdk.hotspot.jre.full.win32.x86_64_16.0.2.v20210721-1149/jre/bin/server;C:/Users/Irene/Desktop/eclipse//plugins/org.eclipse.justj.openjdk.hotspot.jre.full.win32.x86_64_16.0.2.v20210721-1149/jre/bin;C:\Program Files (x86)\Common Files\Oracle\Java\javapath;C:\ProgramData\Oracle\Java\javapath;C:\WINDOWS\system32;C:\WINDOWS;C:\WINDOWS\System32\Wbem;C:\WINDOWS\System32\WindowsPowerShell\v1.0\;C:\WINDOWS\System32\OpenSSH\;C:\Program Files\Git\cmd;C:\Program Files\MySQL\MySQL Shell 8.0\bin\;C:\Users\Irene\AppData\Local\Microsoft\WindowsApps;C:\Users\Irene\AppData\Local\Programs\Microsoft VS Code\bin;C:\Users\Irene\Desktop\eclipse;
USERNAME=Irene
OS=Windows_NT
PROCESSOR_IDENTIFIER=AMD64 Family 23 Model 8 Stepping 2, AuthenticAMD



---------------  S Y S T E M  ---------------

OS:
 Windows 10 , 64 bit Build 19041 (10.0.19041.1348)
OS uptime: 0 days 8:25 hours

CPU: total 16 (initial active 16) (16 cores per cpu, 2 threads per core) family 23 model 8 stepping 2 microcode 0x0, cx8, cmov, fxsr, ht, mmx, 3dnowpref, sse, sse2, sse3, ssse3, sse4a, sse4.1, sse4.2, popcnt, lzcnt, tsc, tscinvbit, avx, avx2, aes, clmul, bmi1, bmi2, adx, sha, fma, vzeroupper, clflush, clflushopt

Memory: 4k page, system-wide physical 16304M (9971M free)
TotalPageFile size 18736M (AvailPageFile size 4675M)
current process WorkingSet (physical memory assigned to process): 33M, peak: 49M
current process commit charge ("private bytes"): 355M, peak: 356M

vm_info: OpenJDK 64-Bit Server VM (16.0.2+7-67) for windows-amd64 JRE (16.0.2+7-67), built on Jun  8 2021 23:21:43 by "mach5one" with MS VC++ 16.7 (VS2019)

END.
